<?xml version="1.0" encoding="UTF-8"?>
<testng-results ignored="0" total="1" passed="1" failed="0" skipped="0">
  <reporter-output>
  </reporter-output>
  <suite started-at="2022-10-14T08:48:50 IST" name="Default suite" finished-at="2022-10-14T08:49:16 IST" duration-ms="26093">
    <groups>
    </groups>
    <test started-at="2022-10-14T08:48:50 IST" name="Default test" finished-at="2022-10-14T08:49:16 IST" duration-ms="26093">
      <class name="tests.VerifyGroupsPage">
        <test-method is-config="true" signature="openBrowser()[pri:0, instance:tests.VerifyGroupsPage@5876a9af]" started-at="2022-10-14T08:48:50 IST" name="openBrowser" finished-at="2022-10-14T08:48:52 IST" duration-ms="2544" status="PASS">
          <reporter-output>
          </reporter-output>
        </test-method> <!-- openBrowser -->
        <test-method is-config="true" signature="createPOMClassObjects()[pri:0, instance:tests.VerifyGroupsPage@5876a9af]" started-at="2022-10-14T08:48:52 IST" name="createPOMClassObjects" finished-at="2022-10-14T08:48:53 IST" duration-ms="37" status="PASS">
          <reporter-output>
          </reporter-output>
        </test-method> <!-- createPOMClassObjects -->
        <test-method is-config="true" signature="openMyNetworkPage()[pri:0, instance:tests.VerifyGroupsPage@5876a9af]" started-at="2022-10-14T08:48:53 IST" name="openMyNetworkPage" finished-at="2022-10-14T08:49:08 IST" duration-ms="15841" status="PASS">
          <reporter-output>
          </reporter-output>
        </test-method> <!-- openMyNetworkPage -->
        <test-method signature="verifyGroupsLink()[pri:0, instance:tests.VerifyGroupsPage@5876a9af]" started-at="2022-10-14T08:49:08 IST" name="verifyGroupsLink" finished-at="2022-10-14T08:49:14 IST" duration-ms="5151" status="PASS">
          <reporter-output>
          </reporter-output>
        </test-method> <!-- verifyGroupsLink -->
        <test-method is-config="true" signature="logOutToApp(org.testng.ITestResult)[pri:0, instance:tests.VerifyGroupsPage@5876a9af]" started-at="2022-10-14T08:49:14 IST" name="logOutToApp" finished-at="2022-10-14T08:49:16 IST" duration-ms="2195" status="PASS">
          <params>
            <param index="0">
              <value>
                <![CDATA[[TestResult name=verifyGroupsLink status=SUCCESS method=VerifyGroupsPage.verifyGroupsLink()[pri:0, instance:tests.VerifyGroupsPage@5876a9af] output={null}]]]>
              </value>
            </param>
          </params>
          <reporter-output>
          </reporter-output>
        </test-method> <!-- logOutToApp -->
        <test-method is-config="true" signature="clearPOMClassObjects()[pri:0, instance:tests.VerifyGroupsPage@5876a9af]" started-at="2022-10-14T08:49:16 IST" name="clearPOMClassObjects" finished-at="2022-10-14T08:49:16 IST" duration-ms="0" status="PASS">
          <reporter-output>
          </reporter-output>
        </test-method> <!-- clearPOMClassObjects -->
        <test-method is-config="true" signature="closeBrowser()[pri:0, instance:tests.VerifyGroupsPage@5876a9af]" started-at="2022-10-14T08:49:16 IST" name="closeBrowser" finished-at="2022-10-14T08:49:16 IST" duration-ms="267" status="PASS">
          <reporter-output>
          </reporter-output>
        </test-method> <!-- closeBrowser -->
      </class> <!-- tests.VerifyGroupsPage -->
    </test> <!-- Default test -->
  </suite> <!-- Default suite -->
</testng-results>
