<?xml version="1.0" encoding="UTF-8"?>
<!-- Generated by org.testng.reporters.JUnitXMLReporter -->
<testsuite ignored="0" hostname="DESKTOP-EII4P66" failures="1" tests="5" name="FirefoxTest" time="94.481" errors="0" timestamp="2022-09-19T14:00:08 IST">
  <testcase classname="pack1.VerifyContactsPage" name="verifyContactsLink" time="5.235"/>
  <testcase classname="pack1.VerifyContactsPage" name="verifyEventsLink" time="2.523">
    <failure type="java.lang.AssertionError" message="null">
      <![CDATA[java.lang.AssertionError: null
at pack1.VerifyContactsPage.verifyEventsLink(VerifyContactsPage.java:97)
at java.base/java.util.ArrayList.forEach(ArrayList.java:1511)
... Removed 27 stack frames]]>
    </failure>
  </testcase> <!-- verifyEventsLink -->
  <testcase classname="pack1.VerifyContactsPage" name="verifyHashtagLink" time="0.0">
    <skipped/>
  </testcase> <!-- verifyHashtagLink -->
  <testcase classname="pack1.VerifyConnectionPage" name="verifyConnectionsLink" time="2.12"/>
  <testcase classname="pack1.VerifyConnectionPage" name="verifyGroupsLink" time="3.167"/>
</testsuite> <!-- FirefoxTest -->
