<?xml version="1.0" encoding="UTF-8"?>
<!-- Generated by org.testng.reporters.JUnitXMLReporter -->
<testsuite ignored="0" hostname="DESKTOP-EII4P66" failures="0" tests="5" name="FireboxTest" time="0.127" errors="0" timestamp="2022-10-03T13:22:49 IST">
  <testcase classname="tests.VerifyConnectionPage" name="@BeforeTest openBrowser" time="0.003">
    <failure type="java.lang.NullPointerException" message="Cannot invoke &amp;quot;org.openqa.selenium.WebDriver.manage()&amp;quot; because &amp;quot;this.driver&amp;quot; is null">
      <![CDATA[java.lang.NullPointerException: Cannot invoke "org.openqa.selenium.WebDriver.manage()" because "this.driver" is null
at tests.VerifyConnectionPage.openBrowser(VerifyConnectionPage.java:66)
... Removed 22 stack frames]]>
    </failure>
  </testcase> <!-- @BeforeTest openBrowser -->
  <testcase classname="tests.VerifyContactsPage" name="@BeforeTest openBrowser" time="-1.664783569017E9">
    <skipped/>
  </testcase> <!-- @BeforeTest openBrowser -->
  <testcase classname="tests.VerifyConnectionPage" name="@BeforeClass createPOMClassObjects" time="-1.664783569024E9">
    <skipped/>
  </testcase> <!-- @BeforeClass createPOMClassObjects -->
  <testcase classname="tests.VerifyConnectionPage" name="@BeforeMethod openMyNetworkPage" time="-1.664783569032E9">
    <skipped/>
  </testcase> <!-- @BeforeMethod openMyNetworkPage -->
  <testcase classname="tests.VerifyConnectionPage" name="@AfterMethod logOutToApp" time="-1.664783569038E9">
    <skipped/>
  </testcase> <!-- @AfterMethod logOutToApp -->
  <testcase classname="tests.VerifyConnectionPage" name="@BeforeMethod openMyNetworkPage" time="-1.664783569042E9">
    <skipped/>
  </testcase> <!-- @BeforeMethod openMyNetworkPage -->
  <testcase classname="tests.VerifyContactsPage" name="@BeforeClass createPOMClassObjects" time="-1.664783569024E9">
    <skipped/>
  </testcase> <!-- @BeforeClass createPOMClassObjects -->
  <testcase classname="tests.VerifyConnectionPage" name="@AfterMethod logOutToApp" time="-1.664783569049E9">
    <skipped/>
  </testcase> <!-- @AfterMethod logOutToApp -->
  <testcase classname="tests.VerifyConnectionPage" name="@AfterClass clearPOMClassObjects" time="-1.66478356905E9">
    <skipped/>
  </testcase> <!-- @AfterClass clearPOMClassObjects -->
  <testcase classname="tests.VerifyContactsPage" name="@BeforeMethod openMyNetworkPage" time="-1.664783569047E9">
    <skipped/>
  </testcase> <!-- @BeforeMethod openMyNetworkPage -->
  <testcase classname="tests.VerifyContactsPage" name="@AfterMethod logOutToApp" time="-1.664783569056E9">
    <skipped/>
  </testcase> <!-- @AfterMethod logOutToApp -->
  <testcase classname="tests.VerifyContactsPage" name="@BeforeMethod openMyNetworkPage" time="-1.664783569058E9">
    <skipped/>
  </testcase> <!-- @BeforeMethod openMyNetworkPage -->
  <testcase classname="tests.VerifyContactsPage" name="@AfterMethod logOutToApp" time="-1.664783569109E9">
    <skipped/>
  </testcase> <!-- @AfterMethod logOutToApp -->
  <testcase classname="tests.VerifyContactsPage" name="@AfterClass clearPOMClassObjects" time="-1.664783569117E9">
    <skipped/>
  </testcase> <!-- @AfterClass clearPOMClassObjects -->
  <testcase classname="tests.VerifyConnectionPage" name="@AfterTest closeBrowser" time="-1.664783569121E9">
    <skipped/>
  </testcase> <!-- @AfterTest closeBrowser -->
  <testcase classname="tests.VerifyContactsPage" name="@AfterTest closeBrowser" time="-1.664783569126E9">
    <skipped/>
  </testcase> <!-- @AfterTest closeBrowser -->
  <testcase classname="tests.VerifyConnectionPage" name="verifyConnectionsLink" time="0.0">
    <skipped/>
  </testcase> <!-- verifyConnectionsLink -->
  <testcase classname="tests.VerifyConnectionPage" name="verifyGroupsLink" time="0.0">
    <skipped/>
  </testcase> <!-- verifyGroupsLink -->
  <testcase classname="tests.VerifyContactsPage" name="verifyContactsLink" time="0.0">
    <skipped/>
  </testcase> <!-- verifyContactsLink -->
  <testcase classname="tests.VerifyContactsPage" name="verifyEventsLink" time="0.0">
    <skipped/>
  </testcase> <!-- verifyEventsLink -->
  <testcase classname="tests.VerifyContactsPage" name="verifyHashtagLink" time="0.0">
    <skipped/>
  </testcase> <!-- verifyHashtagLink -->
</testsuite> <!-- FireboxTest -->
